* Starting client
* Connecting to master process on port 20708
* Analyzing classpath: 
  - C:\Users\Laur\Desktop\Testare\curs\evosuite\target\test-classes
  - C:\Users\Laur\Desktop\Testare\curs\evosuite\target\classes
  - C:\Users\Laur\.m2\repository\junit\junit\4.13.2\junit-4.13.2.jar
  - C:\Users\Laur\.m2\repository\org\hamcrest\hamcrest-core\1.3\hamcrest-core-1.3.jar
* Finished analyzing classpath
* Generating tests for class com.tts.Mail
* Test criteria:
  - Line Coverage
  - Branch Coverage
  - Exception
  - Mutation testing (weak)
  - Method-Output Coverage
  - Top-Level Method Coverage
  - No-Exception Top-Level Method Coverage
  - Context Branch Coverage
* Setting up search algorithm for whole suite generation
* Loaded 21 tests from C:\Users\Laur\Desktop\Testare\curs\evosuite\.evosuite\evosuite-seeds\com.tts.Mail.seed
* Total number of test goals: 
  - Line 23
  - Branch 12
  - Exception 0
  - MutationFactory 7
  - Output 17
  - Method 12
  - MethodNoException 12
  - CBranchFitnessFactory 12
* Using seed 1734429153134
* Starting evolution
* Search finished after 31s and 1710 generations, 366336 statements, best individual has fitness: 3.0
* Writing sequences to pool
* Minimizing test suite
* Going to analyze the coverage criteria
* Coverage analysis for criterion LINE
* Coverage of criterion LINE: 100%
* Total number of goals: 23
* Number of covered goals: 23
* Coverage analysis for criterion BRANCH
* Coverage of criterion BRANCH: 100%
* Total number of goals: 12
* Number of covered goals: 12
* Coverage analysis for criterion EXCEPTION
* Coverage of criterion EXCEPTION: 100% (no goals)
* Coverage analysis for criterion WEAKMUTATION
* Coverage of criterion WEAKMUTATION: 100%
* Total number of goals: 7
* Number of covered goals: 7
* Coverage analysis for criterion OUTPUT
* Coverage of criterion OUTPUT: 88%
* Total number of goals: 17
* Number of covered goals: 15
* Coverage analysis for criterion METHOD
* Coverage of criterion METHOD: 100%
* Total number of goals: 12
* Number of covered goals: 12
* Coverage analysis for criterion METHODNOEXCEPTION
* Coverage of criterion METHODNOEXCEPTION: 100%
* Total number of goals: 12
* Number of covered goals: 12
* Coverage analysis for criterion CBRANCH
* Coverage of criterion CBRANCH: 100%
* Total number of goals: 12
* Number of covered goals: 12
* Generated 19 tests with total length 39
* Resulting test suite's coverage: 99% (average coverage for all fitness functions)
* Generating assertions
* Resulting test suite's mutation score: 80%
* Compiling and checking tests
* Writing JUnit test case 'Mail_ESTest' to C:\Users\Laur\Desktop\Testare\curs\evosuite\.evosuite\tmp_2024_12_17_11_49_58\tests
* Done!

