* Starting client
* Connecting to master process on port 2885
* Analyzing classpath: 
  - C:\Users\Laur\Desktop\Testare\curs\evosuite\target\test-classes
  - C:\Users\Laur\Desktop\Testare\curs\evosuite\target\classes
  - C:\Users\Laur\.m2\repository\junit\junit\4.13.2\junit-4.13.2.jar
  - C:\Users\Laur\.m2\repository\org\hamcrest\hamcrest-core\1.3\hamcrest-core-1.3.jar
* Finished analyzing classpath
* Generating tests for class com.tts.Inbox
* Test criteria:
  - Line Coverage
  - Branch Coverage
  - Exception
  - Mutation testing (weak)
  - Method-Output Coverage
  - Top-Level Method Coverage
  - No-Exception Top-Level Method Coverage
  - Context Branch Coverage
* Setting up search algorithm for whole suite generation
* Loaded 14 tests from C:\Users\Laur\Desktop\Testare\curs\evosuite\.evosuite\evosuite-seeds\com.tts.Inbox.seed
* Total number of test goals: 
  - Line 21
  - Branch 11
  - Exception 0
  - MutationFactory 6
  - Output 15
  - Method 6
  - MethodNoException 6
  - CBranchFitnessFactory 11
* Using seed 1734428999919
* Starting evolution
* Search finished after 127s and 5629 generations, 1929552 statements, best individual has fitness: 6.25
* Writing sequences to pool
* Minimizing test suite
* Going to analyze the coverage criteria
* Coverage analysis for criterion LINE
* Coverage of criterion LINE: 100%
* Total number of goals: 21
* Number of covered goals: 21
* Coverage analysis for criterion BRANCH
* Coverage of criterion BRANCH: 100%
* Total number of goals: 11
* Number of covered goals: 11
* Coverage analysis for criterion EXCEPTION
* Coverage of criterion EXCEPTION: 100%
* Total number of goals: 3
* Number of covered goals: 3
* Coverage analysis for criterion WEAKMUTATION
* Coverage of criterion WEAKMUTATION: 100%
* Total number of goals: 6
* Number of covered goals: 6
* Coverage analysis for criterion OUTPUT
* Coverage of criterion OUTPUT: 60%
* Total number of goals: 15
* Number of covered goals: 9
* Coverage analysis for criterion METHOD
* Coverage of criterion METHOD: 100%
* Total number of goals: 6
* Number of covered goals: 6
* Coverage analysis for criterion METHODNOEXCEPTION
* Coverage of criterion METHODNOEXCEPTION: 100%
* Total number of goals: 6
* Number of covered goals: 6
* Coverage analysis for criterion CBRANCH
* Coverage of criterion CBRANCH: 100%
* Total number of goals: 11
* Number of covered goals: 11
* Generated 8 tests with total length 28
* Resulting test suite's coverage: 95% (average coverage for all fitness functions)
* Generating assertions
* Resulting test suite's mutation score: 100%
* Compiling and checking tests
* Writing JUnit test case 'Inbox_ESTest' to C:\Users\Laur\Desktop\Testare\curs\evosuite\.evosuite\tmp_2024_12_17_11_49_58\tests
* Done!

